# DataFlow Arbitrage — Signal Log
# Do not edit manually
timestamp: 2026-02-04T14:28:06Z
source: github_actions
signal_type: none
confidence: 0.00
delta_detected: false
note: heartbeat run
---
timestamp: 2026-02-04T14:34:02.709229Z
source: analyzer
signal_type: activity_detected
confidence: 0.35
delta_detected: true
note: state change detected
---
timestamp: 2026-02-04T14:36:50.686871Z
source: analyzer
signal_type: stable
confidence: 0.05
delta_detected: true
note: no meaningful change
---
timestamp: 2026-02-04T15:32:29.354779Z
source: analyzer
signal_type: stable
confidence: 0.05
delta_detected: true
note: no meaningful change
---
timestamp: 2026-02-04T16:33:41.404307Z
source: analyzer
signal_type: stable
confidence: 0.05
delta_detected: true
note: no meaningful change
---
timestamp: 2026-02-04T17:37:24.874049Z
source: analyzer
signal_type: stable
confidence: 0.05
delta_detected: true
note: no meaningful change
---
timestamp: 2026-02-04T18:34:23.393250Z
source: analyzer
signal_type: stable
confidence: 0.05
delta_detected: true
note: no meaningful change
---
timestamp: 2026-02-04T19:32:15.848797Z
source: analyzer
signal_type: stable
confidence: 0.05
delta_detected: true
note: no meaningful change
---
timestamp: 2026-02-04T19:36:06.534607Z
source: analyzer
signal_type: stable
confidence: 0.05
delta_detected: true
note: no meaningful change
---
timestamp: 2026-02-04T19:42:58.579360Z
source: analyzer
signal_type: stable
confidence: 0.05
delta_detected: true
note: no meaningful change
---
timestamp: 2026-02-04T19:46:53.019368Z
source: analyzer
signal_type: stable
confidence: 0.05
delta_detected: true
note: no meaningful change
---
timestamp: 2026-02-04T20:03:04.507002Z
source: analyzer
signal_type: stable
confidence: 0.05
delta_detected: true
note: no meaningful change
---
timestamp: 2026-02-04T20:05:16.133371Z
source: analyzer
signal_type: stable
confidence: 0.05
delta_detected: true
note: no meaningful change
---
timestamp: 2026-02-04T20:22:17.931731Z
source: analyzer
signal_type: stable
confidence: 0.05
delta_detected: true
note: no meaningful change
---
